<?xml version="1.0" encoding="UTF-8"?>
<testsuite xmlns:xsi="http://www.w3.org/2001/XMLSchema-instance" xsi:noNamespaceSchemaLocation="https://maven.apache.org/surefire/maven-surefire-plugin/xsd/surefire-test-report.xsd" name="parallel.Testparallel" time="46.272" tests="9" errors="0" skipped="0" failures="0">
  <properties>
[...]
</properties>
  <testcase name="test1" classname="parallel.Testparallel" time="16.096"/>
  <testcase name="test2" classname="parallel.Testparallel" time="16.827"/>
  <testcase name="test3" classname="parallel.Testparallel" time="15.31"/>
  <testcase name="test4" classname="parallel.Testparallel" time="14.53"/>
  <testcase name="test5" classname="parallel.Testparallel" time="14.899"/>
  <testcase name="test6" classname="parallel.Testparallel" time="14.469"/>
  <testcase name="test7" classname="parallel.Testparallel" time="14.367"/>
  <testcase name="test8" classname="parallel.Testparallel" time="14.457"/>
  <testcase name="test9" classname="parallel.Testparallel" time="14.974"/>
</testsuite>